This file contains any messages produced by compilers while
running configure, to aid debugging if configure makes a mistake.

It was created by swapspace configure 1.11, which was
generated by GNU Autoconf 2.69.  Invocation command line was

  $ ./configure --build=x86_64-linux-gnu --prefix=/usr --includedir=${prefix}/include --mandir=${prefix}/share/man --infodir=${prefix}/share/info --sysconfdir=/etc --localstatedir=/var --libdir=${prefix}/lib/x86_64-linux-gnu --libexecdir=${prefix}/lib/x86_64-linux-gnu --disable-maintainer-mode --disable-dependency-tracking

## --------- ##
## Platform. ##
## --------- ##

hostname = arthurdent
uname -m = x86_64
uname -r = 3.16.0-4-amd64
uname -s = Linux
uname -v = #1 SMP Debian 3.16.7-2 (2014-11-06)

/usr/bin/uname -p = unknown
/bin/uname -X     = unknown

/bin/arch              = unknown
/usr/bin/arch -k       = unknown
/usr/convex/getsysinfo = unknown
/usr/bin/hostinfo      = unknown
/bin/machine           = unknown
/usr/bin/oslevel       = unknown
/bin/universe          = unknown

PATH: /usr/local/bin
PATH: /usr/bin
PATH: /bin
PATH: /usr/local/games
PATH: /usr/games


## ----------- ##
## Core tests. ##
## ----------- ##

configure:2251: checking for a BSD-compatible install
configure:2319: result: /usr/bin/install -c
configure:2330: checking whether build environment is sane
configure:2385: result: yes
configure:2536: checking for a thread-safe mkdir -p
configure:2575: result: /bin/mkdir -p
configure:2582: checking for gawk
configure:2598: found /usr/bin/gawk
configure:2609: result: gawk
configure:2620: checking whether make sets $(MAKE)
configure:2642: result: yes
configure:2671: checking whether make supports nested variables
configure:2688: result: yes
configure:2867: checking for gcc
configure:2883: found /usr/bin/gcc
configure:2894: result: gcc
configure:3123: checking for C compiler version
configure:3132: gcc --version >&5
gcc (Debian 4.9.1-19) 4.9.1
Copyright (C) 2014 Free Software Foundation, Inc.
This is free software; see the source for copying conditions.  There is NO
warranty; not even for MERCHANTABILITY or FITNESS FOR A PARTICULAR PURPOSE.

configure:3143: $? = 0
configure:3132: gcc -v >&5
Using built-in specs.
COLLECT_GCC=gcc
COLLECT_LTO_WRAPPER=/usr/lib/gcc/x86_64-linux-gnu/4.9/lto-wrapper
Target: x86_64-linux-gnu
Configured with: ../src/configure -v --with-pkgversion='Debian 4.9.1-19' --with-bugurl=file:///usr/share/doc/gcc-4.9/README.Bugs --enable-languages=c,c++,java,go,d,fortran,objc,obj-c++ --prefix=/usr --program-suffix=-4.9 --enable-shared --enable-linker-build-id --libexecdir=/usr/lib --without-included-gettext --enable-threads=posix --with-gxx-include-dir=/usr/include/c++/4.9 --libdir=/usr/lib --enable-nls --with-sysroot=/ --enable-clocale=gnu --enable-libstdcxx-debug --enable-libstdcxx-time=yes --enable-gnu-unique-object --disable-vtable-verify --enable-plugin --with-system-zlib --disable-browser-plugin --enable-java-awt=gtk --enable-gtk-cairo --with-java-home=/usr/lib/jvm/java-1.5.0-gcj-4.9-amd64/jre --enable-java-home --with-jvm-root-dir=/usr/lib/jvm/java-1.5.0-gcj-4.9-amd64 --with-jvm-jar-dir=/usr/lib/jvm-exports/java-1.5.0-gcj-4.9-amd64 --with-arch-directory=amd64 --with-ecj-jar=/usr/share/java/eclipse-ecj.jar --enable-objc-gc --enable-multiarch --with-arch-32=i586 --with-abi=m64 --with-multilib-list=m32,m64,mx32 --enable-multilib --with-tune=generic --enable-checking=release --build=x86_64-linux-gnu --host=x86_64-linux-gnu --target=x86_64-linux-gnu
Thread model: posix
gcc version 4.9.1 (Debian 4.9.1-19) 
configure:3143: $? = 0
configure:3132: gcc -V >&5
gcc: error: unrecognized command line option '-V'
gcc: fatal error: no input files
compilation terminated.
configure:3143: $? = 4
configure:3132: gcc -qversion >&5
gcc: error: unrecognized command line option '-qversion'
gcc: fatal error: no input files
compilation terminated.
configure:3143: $? = 4
configure:3163: checking whether the C compiler works
configure:3185: gcc -g -O2 -fstack-protector-strong -Wformat -Werror=format-security -D_FORTIFY_SOURCE=2 -Wl,-z,relro conftest.c  >&5
configure:3189: $? = 0
configure:3237: result: yes
configure:3240: checking for C compiler default output file name
configure:3242: result: a.out
configure:3248: checking for suffix of executables
configure:3255: gcc -o conftest -g -O2 -fstack-protector-strong -Wformat -Werror=format-security -D_FORTIFY_SOURCE=2 -Wl,-z,relro conftest.c  >&5
configure:3259: $? = 0
configure:3281: result: 
configure:3303: checking whether we are cross compiling
configure:3311: gcc -o conftest -g -O2 -fstack-protector-strong -Wformat -Werror=format-security -D_FORTIFY_SOURCE=2 -Wl,-z,relro conftest.c  >&5
configure:3315: $? = 0
configure:3322: ./conftest
configure:3326: $? = 0
configure:3341: result: no
configure:3346: checking for suffix of object files
configure:3368: gcc -c -g -O2 -fstack-protector-strong -Wformat -Werror=format-security -D_FORTIFY_SOURCE=2 conftest.c >&5
configure:3372: $? = 0
configure:3393: result: o
configure:3397: checking whether we are using the GNU C compiler
configure:3416: gcc -c -g -O2 -fstack-protector-strong -Wformat -Werror=format-security -D_FORTIFY_SOURCE=2 conftest.c >&5
configure:3416: $? = 0
configure:3425: result: yes
configure:3434: checking whether gcc accepts -g
configure:3454: gcc -c -g -D_FORTIFY_SOURCE=2 conftest.c >&5
configure:3454: $? = 0
configure:3495: result: yes
configure:3512: checking for gcc option to accept ISO C89
configure:3575: gcc  -c -g -O2 -fstack-protector-strong -Wformat -Werror=format-security -D_FORTIFY_SOURCE=2 conftest.c >&5
configure:3575: $? = 0
configure:3588: result: none needed
configure:3613: checking whether gcc understands -c and -o together
configure:3635: gcc -c conftest.c -o conftest2.o
configure:3638: $? = 0
configure:3635: gcc -c conftest.c -o conftest2.o
configure:3638: $? = 0
configure:3650: result: yes
configure:3678: checking for style of include used by make
configure:3706: result: GNU
configure:3732: checking dependency style of gcc
configure:3843: result: none
configure:3870: checking for special C compiler options needed for large files
configure:3915: result: no
configure:3921: checking for _FILE_OFFSET_BITS value needed for large files
configure:3946: gcc -c -g -O2 -fstack-protector-strong -Wformat -Werror=format-security -D_FORTIFY_SOURCE=2 conftest.c >&5
configure:3946: $? = 0
configure:3978: result: no
configure:4070: checking how to run the C preprocessor
configure:4101: gcc -E -D_FORTIFY_SOURCE=2 conftest.c
configure:4101: $? = 0
configure:4115: gcc -E -D_FORTIFY_SOURCE=2 conftest.c
conftest.c:11:28: fatal error: ac_nonexistent.h: No such file or directory
 #include <ac_nonexistent.h>
                            ^
compilation terminated.
configure:4115: $? = 1
configure: failed program was:
| /* confdefs.h */
| #define PACKAGE_NAME "swapspace"
| #define PACKAGE_TARNAME "swapspace"
| #define PACKAGE_VERSION "1.11"
| #define PACKAGE_STRING "swapspace 1.11"
| #define PACKAGE_BUGREPORT "tookmund@gmail.com"
| #define PACKAGE_URL "https://github.com/Tookmund/swapspace"
| #define PACKAGE "swapspace"
| #define VERSION "1.11"
| /* end confdefs.h.  */
| #include <ac_nonexistent.h>
configure:4140: result: gcc -E
configure:4160: gcc -E -D_FORTIFY_SOURCE=2 conftest.c
configure:4160: $? = 0
configure:4174: gcc -E -D_FORTIFY_SOURCE=2 conftest.c
conftest.c:11:28: fatal error: ac_nonexistent.h: No such file or directory
 #include <ac_nonexistent.h>
                            ^
compilation terminated.
configure:4174: $? = 1
configure: failed program was:
| /* confdefs.h */
| #define PACKAGE_NAME "swapspace"
| #define PACKAGE_TARNAME "swapspace"
| #define PACKAGE_VERSION "1.11"
| #define PACKAGE_STRING "swapspace 1.11"
| #define PACKAGE_BUGREPORT "tookmund@gmail.com"
| #define PACKAGE_URL "https://github.com/Tookmund/swapspace"
| #define PACKAGE "swapspace"
| #define VERSION "1.11"
| /* end confdefs.h.  */
| #include <ac_nonexistent.h>
configure:4203: checking for grep that handles long lines and -e
configure:4261: result: /bin/grep
configure:4266: checking for egrep
configure:4328: result: /bin/grep -E
configure:4333: checking for ANSI C header files
configure:4353: gcc -c -g -O2 -fstack-protector-strong -Wformat -Werror=format-security -D_FORTIFY_SOURCE=2 conftest.c >&5
configure:4353: $? = 0
configure:4426: gcc -o conftest -g -O2 -fstack-protector-strong -Wformat -Werror=format-security -D_FORTIFY_SOURCE=2 -Wl,-z,relro conftest.c  >&5
configure:4426: $? = 0
configure:4426: ./conftest
configure:4426: $? = 0
configure:4437: result: yes
configure:4450: checking for sys/types.h
configure:4450: gcc -c -g -O2 -fstack-protector-strong -Wformat -Werror=format-security -D_FORTIFY_SOURCE=2 conftest.c >&5
configure:4450: $? = 0
configure:4450: result: yes
configure:4450: checking for sys/stat.h
configure:4450: gcc -c -g -O2 -fstack-protector-strong -Wformat -Werror=format-security -D_FORTIFY_SOURCE=2 conftest.c >&5
configure:4450: $? = 0
configure:4450: result: yes
configure:4450: checking for stdlib.h
configure:4450: gcc -c -g -O2 -fstack-protector-strong -Wformat -Werror=format-security -D_FORTIFY_SOURCE=2 conftest.c >&5
configure:4450: $? = 0
configure:4450: result: yes
configure:4450: checking for string.h
configure:4450: gcc -c -g -O2 -fstack-protector-strong -Wformat -Werror=format-security -D_FORTIFY_SOURCE=2 conftest.c >&5
configure:4450: $? = 0
configure:4450: result: yes
configure:4450: checking for memory.h
configure:4450: gcc -c -g -O2 -fstack-protector-strong -Wformat -Werror=format-security -D_FORTIFY_SOURCE=2 conftest.c >&5
configure:4450: $? = 0
configure:4450: result: yes
configure:4450: checking for strings.h
configure:4450: gcc -c -g -O2 -fstack-protector-strong -Wformat -Werror=format-security -D_FORTIFY_SOURCE=2 conftest.c >&5
configure:4450: $? = 0
configure:4450: result: yes
configure:4450: checking for inttypes.h
configure:4450: gcc -c -g -O2 -fstack-protector-strong -Wformat -Werror=format-security -D_FORTIFY_SOURCE=2 conftest.c >&5
configure:4450: $? = 0
configure:4450: result: yes
configure:4450: checking for stdint.h
configure:4450: gcc -c -g -O2 -fstack-protector-strong -Wformat -Werror=format-security -D_FORTIFY_SOURCE=2 conftest.c >&5
configure:4450: $? = 0
configure:4450: result: yes
configure:4450: checking for unistd.h
configure:4450: gcc -c -g -O2 -fstack-protector-strong -Wformat -Werror=format-security -D_FORTIFY_SOURCE=2 conftest.c >&5
configure:4450: $? = 0
configure:4450: result: yes
configure:4465: checking fcntl.h usability
configure:4465: gcc -c -g -O2 -fstack-protector-strong -Wformat -Werror=format-security -D_FORTIFY_SOURCE=2 conftest.c >&5
configure:4465: $? = 0
configure:4465: result: yes
configure:4465: checking fcntl.h presence
configure:4465: gcc -E -D_FORTIFY_SOURCE=2 conftest.c
configure:4465: $? = 0
configure:4465: result: yes
configure:4465: checking for fcntl.h
configure:4465: result: yes
configure:4465: checking limits.h usability
configure:4465: gcc -c -g -O2 -fstack-protector-strong -Wformat -Werror=format-security -D_FORTIFY_SOURCE=2 conftest.c >&5
configure:4465: $? = 0
configure:4465: result: yes
configure:4465: checking limits.h presence
configure:4465: gcc -E -D_FORTIFY_SOURCE=2 conftest.c
configure:4465: $? = 0
configure:4465: result: yes
configure:4465: checking for limits.h
configure:4465: result: yes
configure:4465: checking locale.h usability
configure:4465: gcc -c -g -O2 -fstack-protector-strong -Wformat -Werror=format-security -D_FORTIFY_SOURCE=2 conftest.c >&5
configure:4465: $? = 0
configure:4465: result: yes
configure:4465: checking locale.h presence
configure:4465: gcc -E -D_FORTIFY_SOURCE=2 conftest.c
configure:4465: $? = 0
configure:4465: result: yes
configure:4465: checking for locale.h
configure:4465: result: yes
configure:4465: checking for stdlib.h
configure:4465: result: yes
configure:4465: checking for string.h
configure:4465: result: yes
configure:4465: checking sys/param.h usability
configure:4465: gcc -c -g -O2 -fstack-protector-strong -Wformat -Werror=format-security -D_FORTIFY_SOURCE=2 conftest.c >&5
configure:4465: $? = 0
configure:4465: result: yes
configure:4465: checking sys/param.h presence
configure:4465: gcc -E -D_FORTIFY_SOURCE=2 conftest.c
configure:4465: $? = 0
configure:4465: result: yes
configure:4465: checking for sys/param.h
configure:4465: result: yes
configure:4465: checking sys/statvfs.h usability
configure:4465: gcc -c -g -O2 -fstack-protector-strong -Wformat -Werror=format-security -D_FORTIFY_SOURCE=2 conftest.c >&5
configure:4465: $? = 0
configure:4465: result: yes
configure:4465: checking sys/statvfs.h presence
configure:4465: gcc -E -D_FORTIFY_SOURCE=2 conftest.c
configure:4465: $? = 0
configure:4465: result: yes
configure:4465: checking for sys/statvfs.h
configure:4465: result: yes
configure:4465: checking syslog.h usability
configure:4465: gcc -c -g -O2 -fstack-protector-strong -Wformat -Werror=format-security -D_FORTIFY_SOURCE=2 conftest.c >&5
configure:4465: $? = 0
configure:4465: result: yes
configure:4465: checking syslog.h presence
configure:4465: gcc -E -D_FORTIFY_SOURCE=2 conftest.c
configure:4465: $? = 0
configure:4465: result: yes
configure:4465: checking for syslog.h
configure:4465: result: yes
configure:4465: checking for unistd.h
configure:4465: result: yes
configure:4477: checking for stdbool.h that conforms to C99
configure:4544: gcc -c -g -O2 -fstack-protector-strong -Wformat -Werror=format-security -D_FORTIFY_SOURCE=2 conftest.c >&5
configure:4544: $? = 0
configure:4551: result: yes
configure:4553: checking for _Bool
configure:4553: gcc -c -g -O2 -fstack-protector-strong -Wformat -Werror=format-security -D_FORTIFY_SOURCE=2 conftest.c >&5
configure:4553: $? = 0
configure:4553: gcc -c -g -O2 -fstack-protector-strong -Wformat -Werror=format-security -D_FORTIFY_SOURCE=2 conftest.c >&5
conftest.c: In function 'main':
conftest.c:66:20: error: expected expression before ')' token
 if (sizeof ((_Bool)))
                    ^
configure:4553: $? = 1
configure: failed program was:
| /* confdefs.h */
| #define PACKAGE_NAME "swapspace"
| #define PACKAGE_TARNAME "swapspace"
| #define PACKAGE_VERSION "1.11"
| #define PACKAGE_STRING "swapspace 1.11"
| #define PACKAGE_BUGREPORT "tookmund@gmail.com"
| #define PACKAGE_URL "https://github.com/Tookmund/swapspace"
| #define PACKAGE "swapspace"
| #define VERSION "1.11"
| #define STDC_HEADERS 1
| #define HAVE_SYS_TYPES_H 1
| #define HAVE_SYS_STAT_H 1
| #define HAVE_STDLIB_H 1
| #define HAVE_STRING_H 1
| #define HAVE_MEMORY_H 1
| #define HAVE_STRINGS_H 1
| #define HAVE_INTTYPES_H 1
| #define HAVE_STDINT_H 1
| #define HAVE_UNISTD_H 1
| #define HAVE_FCNTL_H 1
| #define HAVE_LIMITS_H 1
| #define HAVE_LOCALE_H 1
| #define HAVE_STDLIB_H 1
| #define HAVE_STRING_H 1
| #define HAVE_SYS_PARAM_H 1
| #define HAVE_SYS_STATVFS_H 1
| #define HAVE_SYSLOG_H 1
| #define HAVE_UNISTD_H 1
| /* end confdefs.h.  */
| #include <stdio.h>
| #ifdef HAVE_SYS_TYPES_H
| # include <sys/types.h>
| #endif
| #ifdef HAVE_SYS_STAT_H
| # include <sys/stat.h>
| #endif
| #ifdef STDC_HEADERS
| # include <stdlib.h>
| # include <stddef.h>
| #else
| # ifdef HAVE_STDLIB_H
| #  include <stdlib.h>
| # endif
| #endif
| #ifdef HAVE_STRING_H
| # if !defined STDC_HEADERS && defined HAVE_MEMORY_H
| #  include <memory.h>
| # endif
| # include <string.h>
| #endif
| #ifdef HAVE_STRINGS_H
| # include <strings.h>
| #endif
| #ifdef HAVE_INTTYPES_H
| # include <inttypes.h>
| #endif
| #ifdef HAVE_STDINT_H
| # include <stdint.h>
| #endif
| #ifdef HAVE_UNISTD_H
| # include <unistd.h>
| #endif
| int
| main ()
| {
| if (sizeof ((_Bool)))
| 	    return 0;
|   ;
|   return 0;
| }
configure:4553: result: yes
configure:4564: checking for inline
configure:4580: gcc -c -g -O2 -fstack-protector-strong -Wformat -Werror=format-security -D_FORTIFY_SOURCE=2 conftest.c >&5
configure:4580: $? = 0
configure:4588: result: inline
configure:4606: checking for pid_t
configure:4606: gcc -c -g -O2 -fstack-protector-strong -Wformat -Werror=format-security -D_FORTIFY_SOURCE=2 conftest.c >&5
configure:4606: $? = 0
configure:4606: gcc -c -g -O2 -fstack-protector-strong -Wformat -Werror=format-security -D_FORTIFY_SOURCE=2 conftest.c >&5
conftest.c: In function 'main':
conftest.c:67:20: error: expected expression before ')' token
 if (sizeof ((pid_t)))
                    ^
configure:4606: $? = 1
configure: failed program was:
| /* confdefs.h */
| #define PACKAGE_NAME "swapspace"
| #define PACKAGE_TARNAME "swapspace"
| #define PACKAGE_VERSION "1.11"
| #define PACKAGE_STRING "swapspace 1.11"
| #define PACKAGE_BUGREPORT "tookmund@gmail.com"
| #define PACKAGE_URL "https://github.com/Tookmund/swapspace"
| #define PACKAGE "swapspace"
| #define VERSION "1.11"
| #define STDC_HEADERS 1
| #define HAVE_SYS_TYPES_H 1
| #define HAVE_SYS_STAT_H 1
| #define HAVE_STDLIB_H 1
| #define HAVE_STRING_H 1
| #define HAVE_MEMORY_H 1
| #define HAVE_STRINGS_H 1
| #define HAVE_INTTYPES_H 1
| #define HAVE_STDINT_H 1
| #define HAVE_UNISTD_H 1
| #define HAVE_FCNTL_H 1
| #define HAVE_LIMITS_H 1
| #define HAVE_LOCALE_H 1
| #define HAVE_STDLIB_H 1
| #define HAVE_STRING_H 1
| #define HAVE_SYS_PARAM_H 1
| #define HAVE_SYS_STATVFS_H 1
| #define HAVE_SYSLOG_H 1
| #define HAVE_UNISTD_H 1
| #define HAVE__BOOL 1
| /* end confdefs.h.  */
| #include <stdio.h>
| #ifdef HAVE_SYS_TYPES_H
| # include <sys/types.h>
| #endif
| #ifdef HAVE_SYS_STAT_H
| # include <sys/stat.h>
| #endif
| #ifdef STDC_HEADERS
| # include <stdlib.h>
| # include <stddef.h>
| #else
| # ifdef HAVE_STDLIB_H
| #  include <stdlib.h>
| # endif
| #endif
| #ifdef HAVE_STRING_H
| # if !defined STDC_HEADERS && defined HAVE_MEMORY_H
| #  include <memory.h>
| # endif
| # include <string.h>
| #endif
| #ifdef HAVE_STRINGS_H
| # include <strings.h>
| #endif
| #ifdef HAVE_INTTYPES_H
| # include <inttypes.h>
| #endif
| #ifdef HAVE_STDINT_H
| # include <stdint.h>
| #endif
| #ifdef HAVE_UNISTD_H
| # include <unistd.h>
| #endif
| int
| main ()
| {
| if (sizeof ((pid_t)))
| 	    return 0;
|   ;
|   return 0;
| }
configure:4606: result: yes
configure:4617: checking for size_t
configure:4617: gcc -c -g -O2 -fstack-protector-strong -Wformat -Werror=format-security -D_FORTIFY_SOURCE=2 conftest.c >&5
configure:4617: $? = 0
configure:4617: gcc -c -g -O2 -fstack-protector-strong -Wformat -Werror=format-security -D_FORTIFY_SOURCE=2 conftest.c >&5
conftest.c: In function 'main':
conftest.c:67:21: error: expected expression before ')' token
 if (sizeof ((size_t)))
                     ^
configure:4617: $? = 1
configure: failed program was:
| /* confdefs.h */
| #define PACKAGE_NAME "swapspace"
| #define PACKAGE_TARNAME "swapspace"
| #define PACKAGE_VERSION "1.11"
| #define PACKAGE_STRING "swapspace 1.11"
| #define PACKAGE_BUGREPORT "tookmund@gmail.com"
| #define PACKAGE_URL "https://github.com/Tookmund/swapspace"
| #define PACKAGE "swapspace"
| #define VERSION "1.11"
| #define STDC_HEADERS 1
| #define HAVE_SYS_TYPES_H 1
| #define HAVE_SYS_STAT_H 1
| #define HAVE_STDLIB_H 1
| #define HAVE_STRING_H 1
| #define HAVE_MEMORY_H 1
| #define HAVE_STRINGS_H 1
| #define HAVE_INTTYPES_H 1
| #define HAVE_STDINT_H 1
| #define HAVE_UNISTD_H 1
| #define HAVE_FCNTL_H 1
| #define HAVE_LIMITS_H 1
| #define HAVE_LOCALE_H 1
| #define HAVE_STDLIB_H 1
| #define HAVE_STRING_H 1
| #define HAVE_SYS_PARAM_H 1
| #define HAVE_SYS_STATVFS_H 1
| #define HAVE_SYSLOG_H 1
| #define HAVE_UNISTD_H 1
| #define HAVE__BOOL 1
| /* end confdefs.h.  */
| #include <stdio.h>
| #ifdef HAVE_SYS_TYPES_H
| # include <sys/types.h>
| #endif
| #ifdef HAVE_SYS_STAT_H
| # include <sys/stat.h>
| #endif
| #ifdef STDC_HEADERS
| # include <stdlib.h>
| # include <stddef.h>
| #else
| # ifdef HAVE_STDLIB_H
| #  include <stdlib.h>
| # endif
| #endif
| #ifdef HAVE_STRING_H
| # if !defined STDC_HEADERS && defined HAVE_MEMORY_H
| #  include <memory.h>
| # endif
| # include <string.h>
| #endif
| #ifdef HAVE_STRINGS_H
| # include <strings.h>
| #endif
| #ifdef HAVE_INTTYPES_H
| # include <inttypes.h>
| #endif
| #ifdef HAVE_STDINT_H
| # include <stdint.h>
| #endif
| #ifdef HAVE_UNISTD_H
| # include <unistd.h>
| #endif
| int
| main ()
| {
| if (sizeof ((size_t)))
| 	    return 0;
|   ;
|   return 0;
| }
configure:4617: result: yes
configure:4628: checking for ssize_t
configure:4628: gcc -c -g -O2 -fstack-protector-strong -Wformat -Werror=format-security -D_FORTIFY_SOURCE=2 conftest.c >&5
configure:4628: $? = 0
configure:4628: gcc -c -g -O2 -fstack-protector-strong -Wformat -Werror=format-security -D_FORTIFY_SOURCE=2 conftest.c >&5
conftest.c: In function 'main':
conftest.c:67:22: error: expected expression before ')' token
 if (sizeof ((ssize_t)))
                      ^
configure:4628: $? = 1
configure: failed program was:
| /* confdefs.h */
| #define PACKAGE_NAME "swapspace"
| #define PACKAGE_TARNAME "swapspace"
| #define PACKAGE_VERSION "1.11"
| #define PACKAGE_STRING "swapspace 1.11"
| #define PACKAGE_BUGREPORT "tookmund@gmail.com"
| #define PACKAGE_URL "https://github.com/Tookmund/swapspace"
| #define PACKAGE "swapspace"
| #define VERSION "1.11"
| #define STDC_HEADERS 1
| #define HAVE_SYS_TYPES_H 1
| #define HAVE_SYS_STAT_H 1
| #define HAVE_STDLIB_H 1
| #define HAVE_STRING_H 1
| #define HAVE_MEMORY_H 1
| #define HAVE_STRINGS_H 1
| #define HAVE_INTTYPES_H 1
| #define HAVE_STDINT_H 1
| #define HAVE_UNISTD_H 1
| #define HAVE_FCNTL_H 1
| #define HAVE_LIMITS_H 1
| #define HAVE_LOCALE_H 1
| #define HAVE_STDLIB_H 1
| #define HAVE_STRING_H 1
| #define HAVE_SYS_PARAM_H 1
| #define HAVE_SYS_STATVFS_H 1
| #define HAVE_SYSLOG_H 1
| #define HAVE_UNISTD_H 1
| #define HAVE__BOOL 1
| /* end confdefs.h.  */
| #include <stdio.h>
| #ifdef HAVE_SYS_TYPES_H
| # include <sys/types.h>
| #endif
| #ifdef HAVE_SYS_STAT_H
| # include <sys/stat.h>
| #endif
| #ifdef STDC_HEADERS
| # include <stdlib.h>
| # include <stddef.h>
| #else
| # ifdef HAVE_STDLIB_H
| #  include <stdlib.h>
| # endif
| #endif
| #ifdef HAVE_STRING_H
| # if !defined STDC_HEADERS && defined HAVE_MEMORY_H
| #  include <memory.h>
| # endif
| # include <string.h>
| #endif
| #ifdef HAVE_STRINGS_H
| # include <strings.h>
| #endif
| #ifdef HAVE_INTTYPES_H
| # include <inttypes.h>
| #endif
| #ifdef HAVE_STDINT_H
| # include <stdint.h>
| #endif
| #ifdef HAVE_UNISTD_H
| # include <unistd.h>
| #endif
| int
| main ()
| {
| if (sizeof ((ssize_t)))
| 	    return 0;
|   ;
|   return 0;
| }
configure:4628: result: yes
configure:4643: checking vfork.h usability
configure:4643: gcc -c -g -O2 -fstack-protector-strong -Wformat -Werror=format-security -D_FORTIFY_SOURCE=2 conftest.c >&5
conftest.c:64:19: fatal error: vfork.h: No such file or directory
 #include <vfork.h>
                   ^
compilation terminated.
configure:4643: $? = 1
configure: failed program was:
| /* confdefs.h */
| #define PACKAGE_NAME "swapspace"
| #define PACKAGE_TARNAME "swapspace"
| #define PACKAGE_VERSION "1.11"
| #define PACKAGE_STRING "swapspace 1.11"
| #define PACKAGE_BUGREPORT "tookmund@gmail.com"
| #define PACKAGE_URL "https://github.com/Tookmund/swapspace"
| #define PACKAGE "swapspace"
| #define VERSION "1.11"
| #define STDC_HEADERS 1
| #define HAVE_SYS_TYPES_H 1
| #define HAVE_SYS_STAT_H 1
| #define HAVE_STDLIB_H 1
| #define HAVE_STRING_H 1
| #define HAVE_MEMORY_H 1
| #define HAVE_STRINGS_H 1
| #define HAVE_INTTYPES_H 1
| #define HAVE_STDINT_H 1
| #define HAVE_UNISTD_H 1
| #define HAVE_FCNTL_H 1
| #define HAVE_LIMITS_H 1
| #define HAVE_LOCALE_H 1
| #define HAVE_STDLIB_H 1
| #define HAVE_STRING_H 1
| #define HAVE_SYS_PARAM_H 1
| #define HAVE_SYS_STATVFS_H 1
| #define HAVE_SYSLOG_H 1
| #define HAVE_UNISTD_H 1
| #define HAVE__BOOL 1
| /* end confdefs.h.  */
| #include <stdio.h>
| #ifdef HAVE_SYS_TYPES_H
| # include <sys/types.h>
| #endif
| #ifdef HAVE_SYS_STAT_H
| # include <sys/stat.h>
| #endif
| #ifdef STDC_HEADERS
| # include <stdlib.h>
| # include <stddef.h>
| #else
| # ifdef HAVE_STDLIB_H
| #  include <stdlib.h>
| # endif
| #endif
| #ifdef HAVE_STRING_H
| # if !defined STDC_HEADERS && defined HAVE_MEMORY_H
| #  include <memory.h>
| # endif
| # include <string.h>
| #endif
| #ifdef HAVE_STRINGS_H
| # include <strings.h>
| #endif
| #ifdef HAVE_INTTYPES_H
| # include <inttypes.h>
| #endif
| #ifdef HAVE_STDINT_H
| # include <stdint.h>
| #endif
| #ifdef HAVE_UNISTD_H
| # include <unistd.h>
| #endif
| #include <vfork.h>
configure:4643: result: no
configure:4643: checking vfork.h presence
configure:4643: gcc -E -D_FORTIFY_SOURCE=2 conftest.c
conftest.c:31:19: fatal error: vfork.h: No such file or directory
 #include <vfork.h>
                   ^
compilation terminated.
configure:4643: $? = 1
configure: failed program was:
| /* confdefs.h */
| #define PACKAGE_NAME "swapspace"
| #define PACKAGE_TARNAME "swapspace"
| #define PACKAGE_VERSION "1.11"
| #define PACKAGE_STRING "swapspace 1.11"
| #define PACKAGE_BUGREPORT "tookmund@gmail.com"
| #define PACKAGE_URL "https://github.com/Tookmund/swapspace"
| #define PACKAGE "swapspace"
| #define VERSION "1.11"
| #define STDC_HEADERS 1
| #define HAVE_SYS_TYPES_H 1
| #define HAVE_SYS_STAT_H 1
| #define HAVE_STDLIB_H 1
| #define HAVE_STRING_H 1
| #define HAVE_MEMORY_H 1
| #define HAVE_STRINGS_H 1
| #define HAVE_INTTYPES_H 1
| #define HAVE_STDINT_H 1
| #define HAVE_UNISTD_H 1
| #define HAVE_FCNTL_H 1
| #define HAVE_LIMITS_H 1
| #define HAVE_LOCALE_H 1
| #define HAVE_STDLIB_H 1
| #define HAVE_STRING_H 1
| #define HAVE_SYS_PARAM_H 1
| #define HAVE_SYS_STATVFS_H 1
| #define HAVE_SYSLOG_H 1
| #define HAVE_UNISTD_H 1
| #define HAVE__BOOL 1
| /* end confdefs.h.  */
| #include <vfork.h>
configure:4643: result: no
configure:4643: checking for vfork.h
configure:4643: result: no
configure:4656: checking for fork
configure:4656: gcc -o conftest -g -O2 -fstack-protector-strong -Wformat -Werror=format-security -D_FORTIFY_SOURCE=2 -Wl,-z,relro conftest.c  >&5
conftest.c:54:6: warning: conflicting types for built-in function 'fork'
 char fork ();
      ^
configure:4656: $? = 0
configure:4656: result: yes
configure:4656: checking for vfork
configure:4656: gcc -o conftest -g -O2 -fstack-protector-strong -Wformat -Werror=format-security -D_FORTIFY_SOURCE=2 -Wl,-z,relro conftest.c  >&5
configure:4656: $? = 0
configure:4656: result: yes
configure:4666: checking for working fork
configure:4688: gcc -o conftest -g -O2 -fstack-protector-strong -Wformat -Werror=format-security -D_FORTIFY_SOURCE=2 -Wl,-z,relro conftest.c  >&5
configure:4688: $? = 0
configure:4688: ./conftest
configure:4688: $? = 0
configure:4698: result: yes
configure:4719: checking for working vfork
configure:4829: result: yes
configure:4856: checking for stdlib.h
configure:4856: result: yes
configure:4866: checking for GNU libc compatible realloc
configure:4890: gcc -o conftest -g -O2 -fstack-protector-strong -Wformat -Werror=format-security -D_FORTIFY_SOURCE=2 -Wl,-z,relro conftest.c  >&5
configure:4890: $? = 0
configure:4890: ./conftest
configure:4890: $? = 0
configure:4900: result: yes
configure:4924: checking for atexit
configure:4924: gcc -o conftest -g -O2 -fstack-protector-strong -Wformat -Werror=format-security -D_FORTIFY_SOURCE=2 -Wl,-z,relro conftest.c  >&5
configure:4924: $? = 0
configure:4924: result: yes
configure:4924: checking for getcwd
configure:4924: gcc -o conftest -g -O2 -fstack-protector-strong -Wformat -Werror=format-security -D_FORTIFY_SOURCE=2 -Wl,-z,relro conftest.c  >&5
configure:4924: $? = 0
configure:4924: result: yes
configure:4924: checking for getpagesize
configure:4924: gcc -o conftest -g -O2 -fstack-protector-strong -Wformat -Werror=format-security -D_FORTIFY_SOURCE=2 -Wl,-z,relro conftest.c  >&5
configure:4924: $? = 0
configure:4924: result: yes
configure:4924: checking for memset
configure:4924: gcc -o conftest -g -O2 -fstack-protector-strong -Wformat -Werror=format-security -D_FORTIFY_SOURCE=2 -Wl,-z,relro conftest.c  >&5
conftest.c:63:6: warning: conflicting types for built-in function 'memset'
 char memset ();
      ^
configure:4924: $? = 0
configure:4924: result: yes
configure:4924: checking for setlocale
configure:4924: gcc -o conftest -g -O2 -fstack-protector-strong -Wformat -Werror=format-security -D_FORTIFY_SOURCE=2 -Wl,-z,relro conftest.c  >&5
configure:4924: $? = 0
configure:4924: result: yes
configure:4924: checking for strchr
configure:4924: gcc -o conftest -g -O2 -fstack-protector-strong -Wformat -Werror=format-security -D_FORTIFY_SOURCE=2 -Wl,-z,relro conftest.c  >&5
conftest.c:65:6: warning: conflicting types for built-in function 'strchr'
 char strchr ();
      ^
configure:4924: $? = 0
configure:4924: result: yes
configure:4924: checking for strerror
configure:4924: gcc -o conftest -g -O2 -fstack-protector-strong -Wformat -Werror=format-security -D_FORTIFY_SOURCE=2 -Wl,-z,relro conftest.c  >&5
configure:4924: $? = 0
configure:4924: result: yes
configure:4924: checking for strtol
configure:4924: gcc -o conftest -g -O2 -fstack-protector-strong -Wformat -Werror=format-security -D_FORTIFY_SOURCE=2 -Wl,-z,relro conftest.c  >&5
configure:4924: $? = 0
configure:4924: result: yes
configure:4924: checking for strtoul
configure:4924: gcc -o conftest -g -O2 -fstack-protector-strong -Wformat -Werror=format-security -D_FORTIFY_SOURCE=2 -Wl,-z,relro conftest.c  >&5
configure:4924: $? = 0
configure:4924: result: yes
configure:4935: checking for swapon
configure:4935: gcc -o conftest -g -O2 -fstack-protector-strong -Wformat -Werror=format-security -D_FORTIFY_SOURCE=2 -Wl,-z,relro conftest.c  >&5
configure:4935: $? = 0
configure:4935: result: yes
configure:4945: checking for swapoff
configure:4945: gcc -o conftest -g -O2 -fstack-protector-strong -Wformat -Werror=format-security -D_FORTIFY_SOURCE=2 -Wl,-z,relro conftest.c  >&5
configure:4945: $? = 0
configure:4945: result: yes
configure:5087: checking that generated files are newer than configure
configure:5093: result: done
configure:5116: creating ./config.status

## ---------------------- ##
## Running config.status. ##
## ---------------------- ##

This file was extended by swapspace config.status 1.11, which was
generated by GNU Autoconf 2.69.  Invocation command line was

  CONFIG_FILES    = 
  CONFIG_HEADERS  = 
  CONFIG_LINKS    = 
  CONFIG_COMMANDS = 
  $ ./config.status 

on arthurdent

config.status:881: creating Makefile
config.status:881: creating src/Makefile
config.status:881: creating src/config.h
config.status:1110: executing depfiles commands
configure:6430: WARNING: unrecognized options: --disable-maintainer-mode

## ---------------- ##
## Cache variables. ##
## ---------------- ##

ac_cv_c_compiler_gnu=yes
ac_cv_c_inline=inline
ac_cv_env_CC_set=
ac_cv_env_CC_value=
ac_cv_env_CFLAGS_set=set
ac_cv_env_CFLAGS_value='-g -O2 -fstack-protector-strong -Wformat -Werror=format-security'
ac_cv_env_CPPFLAGS_set=set
ac_cv_env_CPPFLAGS_value=-D_FORTIFY_SOURCE=2
ac_cv_env_CPP_set=
ac_cv_env_CPP_value=
ac_cv_env_LDFLAGS_set=set
ac_cv_env_LDFLAGS_value=-Wl,-z,relro
ac_cv_env_LIBS_set=
ac_cv_env_LIBS_value=
ac_cv_env_build_alias_set=set
ac_cv_env_build_alias_value=x86_64-linux-gnu
ac_cv_env_host_alias_set=
ac_cv_env_host_alias_value=
ac_cv_env_target_alias_set=
ac_cv_env_target_alias_value=
ac_cv_func_atexit=yes
ac_cv_func_fork=yes
ac_cv_func_fork_works=yes
ac_cv_func_getcwd=yes
ac_cv_func_getpagesize=yes
ac_cv_func_memset=yes
ac_cv_func_realloc_0_nonnull=yes
ac_cv_func_setlocale=yes
ac_cv_func_strchr=yes
ac_cv_func_strerror=yes
ac_cv_func_strtol=yes
ac_cv_func_strtoul=yes
ac_cv_func_swapoff=yes
ac_cv_func_swapon=yes
ac_cv_func_vfork=yes
ac_cv_func_vfork_works=yes
ac_cv_header_fcntl_h=yes
ac_cv_header_inttypes_h=yes
ac_cv_header_limits_h=yes
ac_cv_header_locale_h=yes
ac_cv_header_memory_h=yes
ac_cv_header_stdbool_h=yes
ac_cv_header_stdc=yes
ac_cv_header_stdint_h=yes
ac_cv_header_stdlib_h=yes
ac_cv_header_string_h=yes
ac_cv_header_strings_h=yes
ac_cv_header_sys_param_h=yes
ac_cv_header_sys_stat_h=yes
ac_cv_header_sys_statvfs_h=yes
ac_cv_header_sys_types_h=yes
ac_cv_header_syslog_h=yes
ac_cv_header_unistd_h=yes
ac_cv_header_vfork_h=no
ac_cv_objext=o
ac_cv_path_EGREP='/bin/grep -E'
ac_cv_path_GREP=/bin/grep
ac_cv_path_install='/usr/bin/install -c'
ac_cv_path_mkdir=/bin/mkdir
ac_cv_prog_AWK=gawk
ac_cv_prog_CPP='gcc -E'
ac_cv_prog_ac_ct_CC=gcc
ac_cv_prog_cc_c89=
ac_cv_prog_cc_g=yes
ac_cv_prog_make_make_set=yes
ac_cv_sys_file_offset_bits=no
ac_cv_sys_largefile_CC=no
ac_cv_type__Bool=yes
ac_cv_type_pid_t=yes
ac_cv_type_size_t=yes
ac_cv_type_ssize_t=yes
am_cv_CC_dependencies_compiler_type=none
am_cv_make_support_nested_variables=yes
am_cv_prog_cc_c_o=yes

## ----------------- ##
## Output variables. ##
## ----------------- ##

ACLOCAL='${SHELL} /home/jacob/Coding/swapspace-packaging/swapspace-1.11/missing aclocal-1.14'
AMDEPBACKSLASH=''
AMDEP_FALSE=''
AMDEP_TRUE='#'
AMTAR='$${TAR-tar}'
AM_BACKSLASH='\'
AM_DEFAULT_V='$(AM_DEFAULT_VERBOSITY)'
AM_DEFAULT_VERBOSITY='1'
AM_V='$(V)'
AUTOCONF='${SHELL} /home/jacob/Coding/swapspace-packaging/swapspace-1.11/missing autoconf'
AUTOHEADER='${SHELL} /home/jacob/Coding/swapspace-packaging/swapspace-1.11/missing autoheader'
AUTOMAKE='${SHELL} /home/jacob/Coding/swapspace-packaging/swapspace-1.11/missing automake-1.14'
AWK='gawk'
CC='gcc'
CCDEPMODE='depmode=none'
CFLAGS='-g -O2 -fstack-protector-strong -Wformat -Werror=format-security'
CPP='gcc -E'
CPPFLAGS='-D_FORTIFY_SOURCE=2'
CYGPATH_W='echo'
DEFS='-DHAVE_CONFIG_H'
DEPDIR='.deps'
ECHO_C=''
ECHO_N='-n'
ECHO_T=''
EGREP='/bin/grep -E'
EXEEXT=''
GREP='/bin/grep'
INSTALL_DATA='${INSTALL} -m 644'
INSTALL_PROGRAM='${INSTALL}'
INSTALL_SCRIPT='${INSTALL}'
INSTALL_STRIP_PROGRAM='$(install_sh) -c -s'
LDFLAGS='-Wl,-z,relro'
LIBOBJS=''
LIBS=''
LTLIBOBJS=''
MAKEINFO='${SHELL} /home/jacob/Coding/swapspace-packaging/swapspace-1.11/missing makeinfo'
MKDIR_P='/bin/mkdir -p'
OBJEXT='o'
PACKAGE='swapspace'
PACKAGE_BUGREPORT='tookmund@gmail.com'
PACKAGE_NAME='swapspace'
PACKAGE_STRING='swapspace 1.11'
PACKAGE_TARNAME='swapspace'
PACKAGE_URL='https://github.com/Tookmund/swapspace'
PACKAGE_VERSION='1.11'
PATH_SEPARATOR=':'
SET_MAKE=''
SHELL='/bin/bash'
STRIP=''
VERSION='1.11'
ac_ct_CC='gcc'
am__EXEEXT_FALSE=''
am__EXEEXT_TRUE='#'
am__fastdepCC_FALSE=''
am__fastdepCC_TRUE='#'
am__include='include'
am__isrc=''
am__leading_dot='.'
am__nodep=''
am__quote=''
am__tar='$${TAR-tar} chof - "$$tardir"'
am__untar='$${TAR-tar} xf -'
bindir='${exec_prefix}/bin'
build_alias='x86_64-linux-gnu'
datadir='${datarootdir}'
datarootdir='${prefix}/share'
docdir='${datarootdir}/doc/${PACKAGE_TARNAME}'
dvidir='${docdir}'
exec_prefix='${prefix}'
host_alias=''
htmldir='${docdir}'
includedir='${prefix}/include'
infodir='${prefix}/share/info'
install_sh='${SHELL} /home/jacob/Coding/swapspace-packaging/swapspace-1.11/install-sh'
libdir='${prefix}/lib/x86_64-linux-gnu'
libexecdir='${prefix}/lib/x86_64-linux-gnu'
localedir='${datarootdir}/locale'
localstatedir='/var'
mandir='${prefix}/share/man'
mkdir_p='$(MKDIR_P)'
oldincludedir='/usr/include'
pdfdir='${docdir}'
prefix='/usr'
program_transform_name='s,x,x,'
psdir='${docdir}'
sbindir='${exec_prefix}/sbin'
sharedstatedir='${prefix}/com'
sysconfdir='/etc'
target_alias=''

## ----------- ##
## confdefs.h. ##
## ----------- ##

/* confdefs.h */
#define PACKAGE_NAME "swapspace"
#define PACKAGE_TARNAME "swapspace"
#define PACKAGE_VERSION "1.11"
#define PACKAGE_STRING "swapspace 1.11"
#define PACKAGE_BUGREPORT "tookmund@gmail.com"
#define PACKAGE_URL "https://github.com/Tookmund/swapspace"
#define PACKAGE "swapspace"
#define VERSION "1.11"
#define STDC_HEADERS 1
#define HAVE_SYS_TYPES_H 1
#define HAVE_SYS_STAT_H 1
#define HAVE_STDLIB_H 1
#define HAVE_STRING_H 1
#define HAVE_MEMORY_H 1
#define HAVE_STRINGS_H 1
#define HAVE_INTTYPES_H 1
#define HAVE_STDINT_H 1
#define HAVE_UNISTD_H 1
#define HAVE_FCNTL_H 1
#define HAVE_LIMITS_H 1
#define HAVE_LOCALE_H 1
#define HAVE_STDLIB_H 1
#define HAVE_STRING_H 1
#define HAVE_SYS_PARAM_H 1
#define HAVE_SYS_STATVFS_H 1
#define HAVE_SYSLOG_H 1
#define HAVE_UNISTD_H 1
#define HAVE__BOOL 1
#define HAVE_FORK 1
#define HAVE_VFORK 1
#define HAVE_WORKING_VFORK 1
#define HAVE_WORKING_FORK 1
#define HAVE_STDLIB_H 1
#define HAVE_REALLOC 1
#define HAVE_ATEXIT 1
#define HAVE_GETCWD 1
#define HAVE_GETPAGESIZE 1
#define HAVE_MEMSET 1
#define HAVE_SETLOCALE 1
#define HAVE_STRCHR 1
#define HAVE_STRERROR 1
#define HAVE_STRTOL 1
#define HAVE_STRTOUL 1
#define HAVE_SWAPON /**/
#define HAVE_SWAPOFF /**/

configure: exit 0
